<?xml version="1.0" encoding="UTF-8"?>
<!-- Generated by org.testng.reporters.JUnitReportReporter -->
<testsuite hostname="HC-5ZBQ6S3" failures="0" tests="3" name="test.test4" time="0.007" errors="0" timestamp="2024-05-20T13:24:43 IST" skipped="0">
  <testcase classname="test.test4" name="test4FirstDemo" time="0.001"/>
  <system-out/>
  <testcase classname="test.test4" name="test4FirstDemo" time="0.004"/>
  <system-out/>
  <testcase classname="test.test4" name="test4SecondDemo" time="0.002"/>
  <system-out/>
</testsuite> <!-- test.test4 -->
